<?xml version="1.0" encoding="UTF-8"?>
<testsuite xmlns:xsi="http://www.w3.org/2001/XMLSchema-instance" xsi:noNamespaceSchemaLocation="https://maven.apache.org/surefire/maven-surefire-plugin/xsd/surefire-test-report-3.0.xsd" version="3.0" name="TestSuite" time="15.668" tests="2" errors="0" skipped="0" failures="1">
  <properties>
[...]
</properties>
  <testcase name="runScenario[&quot;Search Experience for product search in both home and Offers page&quot;, &quot;Search and Place the order for Products&quot;](1)" classname="cucumberOptions.TestNGTestRunner" time="13.561">
    <system-out><![CDATA[null is extracted from HomePage
null is extracted from HomePage
]]></system-out>
    <system-err><![CDATA[SLF4J: Failed to load class "org.slf4j.impl.StaticLoggerBinder".
SLF4J: Defaulting to no-operation (NOP) logger implementation
SLF4J: See http://www.slf4j.org/codes.html#StaticLoggerBinder for further details.
ERROR StatusLogger Log4j2 could not find a logging implementation. Please add log4j-core to the classpath. Using SimpleLogger to log to the console...
1682756948294	geckodriver	INFO	Listening on 127.0.0.1:47566
1682756948333	geckodriver	INFO	Listening on 127.0.0.1:14729
11668822775566994488558811		mmoozzrruunnnneerr::::rruunnnnere	rIN	FION	FROu	nRnuinnngi ncogm mcaonmdma:n d":C :\"\CP:r\o\gPrrograamm  FFiilleess\\\\MMoozziilllla aF irFeifroxe\f\foixre\f\oxf.ierxeef"o x".-e-xmear"i o"n-e-ttmea"r i"o-n-ertetmeo"t e"-d-e-bruegmgiontge--pdoerbt"u "1g2g9i1n2"g -"p-o-rrte"mo t"e3 8.9..4 0lo"c a"l-h-osrte:m1o2t9e12 /.,.h.t tlpo:c/a/[l:h:o1s]:t1:23981924/"0 "/-,hnto-trpe:m//o[t:e:" 1"]-:p3r8o94f0i/l"e "" -"nCo:-\r\eUmsoetres"\ \"S-ipbraomf\i\lAepp"D a"tCa:\\\L\oUcsaelr\s\\T\eSmpi\b\amru\s\tA_pmpoDzaptraof\i\lLeoycBaylD\xe\"T
emp\\rust_mozprofilejbxUhu"
console.warn: services.settings: Ignoring preference override of remote settings server
console.warn: services.settings: Allow by setting MOZ_REMOTE_SETTINGS_DEVTOOLS=1 in the environment
console.warn: services.settings: Ignoring preference override of remote settings server
console.warn: services.settings: Allow by setting MOZ_REMOTE_SETTINGS_DEVTOOLS=1 in the environment
11668822775566994499225512		MarioneMttaer	iIoNnFeOt	tMea	rIiNoFnOe	tMtaer ieonnaebtlteed ena
bled
Dynamically enable window occlusion 0
Dynamically enable window occlusion 0
1682756949260	Marionette	INFO	Listening on port 51886
1682756949261	Marionette	INFO	Listening on port 51887
RReeaadd  ppoorrtt::  551188887
6
WWeebDriver bBDirDiiv elri sBteinDiin lgis toenn iwsng: /o/n1 2w7s.:0/./0.1:38940
127.0.0.1:12912
1682756949728	RemoteAgent	WARN	TLS certificate errors will be ignored for this session
1682756949728	RemoteAgent	WARN	TLS certificate errors will be ignored for this session
console.warn: SearchSettings: "get: No settings file exists, new profile?" (new NotFoundError("Could not open the file at C:\\Users\\Sibam\\AppData\\Local\\Temp\\rust_mozprofileyByDxe\\search.json.mozlz4", (void 0)))
console.warn: SearchSettings: "get: No settings file exists, new profile?" (new NotFoundError("Could not open the file at C:\\Users\\Sibam\\AppData\\Local\\Temp\\rust_mozprofilejbxUhu\\search.json.mozlz4", (void 0)))
[ERROR glean_core] Error setting metrics feature config: Json(Error("EOF while parsing a value", line: 1, column: 0))
[ERROR glean_core] Error setting metrics feature config: Json(Error("EOF while parsing a value", line: 1, column: 0))
DevTools listening on ws://127.0.0.1:38940/devtools/browser/ad9e8133-5d21-4e29-a0d1-a6efb306fcce
DevTools listening on ws://127.0.0.1:12912/devtools/browser/f52c7a9c-9d0e-419f-aad1-af2871d10682
1682756959596	RemoteAgent	INFO	Perform WebSocket upgrade for incoming connection from 127.0.0.1:51982
1682756959601	CDP	WARN	Invalid browser preferences for CDP. Set "fission.webContentIsolationStrategy"to 0 and "fission.bfcacheInParent" to false before Firefox starts.
1682756959640	Marionette	INFO	Stopped listening on port 51887
Dynamically enable window occlusion 1
1682756959765	RemoteAgent	INFO	Perform WebSocket upgrade for incoming connection from 127.0.0.1:51983
1682756959771	CDP	WARN	Invalid browser preferences for CDP. Set "fission.webContentIsolationStrategy"to 0 and "fission.bfcacheInParent" to false before Firefox starts.
1682756959782	Marionette	INFO	Stopped listening on port 51886
Dynamically enable window occlusion 1
]]></system-err>
  </testcase>
  <testcase name="runScenario[&quot;Search Experience for product search in both home and Offers page&quot;, &quot;Search and Place the order for Products&quot;](2)" classname="cucumberOptions.TestNGTestRunner" time="13.711">
    <failure message="expected [Beetroot] but found [No data]" type="java.lang.AssertionError"><![CDATA[java.lang.AssertionError: expected [Beetroot] but found [No data]
	at org.testng.Assert.fail(Assert.java:110)
	at org.testng.Assert.failNotEquals(Assert.java:1577)
	at org.testng.Assert.assertEqualsImpl(Assert.java:149)
	at org.testng.Assert.assertEquals(Assert.java:131)
	at org.testng.Assert.assertEquals(Assert.java:655)
	at org.testng.Assert.assertEquals(Assert.java:665)
	at stepDefinitions.OfferPageStepDefinition.validate_product_name_in_offers_page(OfferPageStepDefinition.java:65)
	at ✽.validate product name in offers page matches with Landing Page(file:///C:/Users/Sibam/OneDrive%20-%20OneWorkplace/Eclipse%20Workplace/CucumberFramework/src/test/java/features/searchProduct.feature:9)
]]></failure>
  </testcase>
</testsuite>